Arguments: 
  /opt/homebrew/Cellar/node/18.9.0/bin/node /opt/homebrew/Cellar/yarn/1.22.19/libexec/bin/yarn.js

PATH: 
  /Users/CPea2506/Library/pnpm:/Users/CPea2506/.local/bin:/Users/CPea2506/.local/share/nvim/mason/bin:/Users/CPea2506/.cargo/bin:/Users/CPea2506/Library/pnpm:/Users/CPea2506/.local/bin:/opt/homebrew/bin:/opt/homebrew/sbin:/usr/local/bin:/System/Cryptexes/App/usr/bin:/usr/bin:/bin:/usr/sbin:/sbin:/usr/local/share/dotnet:~/.dotnet/tools:/Library/Apple/usr/bin:/Applications/kitty.app/Contents/MacOS:/Users/CPea2506/.config/zsh/zsh_plugins/dotbare

Yarn version: 
  1.22.19

Node version: 
  18.9.0

Platform: 
  darwin arm64

Trace: 
  Error: ENOENT: no such file or directory, copyfile '/Users/CPea2506/Library/Caches/Yarn/v6/npm-glob-parent-6.0.2-6d237d99083950c79290f24c7642a3de9a28f9e3-integrity/node_modules/glob-parent/README.md' -> '/Users/CPea2506/Develop/svelte/ytch8.io/node_modules/eslint/node_modules/glob-parent/README.md'

npm manifest: 
  {
      "name": "ytch8-io",
      "private": true,
      "format": "prettier --write .",
      "lint": "prettier --check . && eslint_d . --fix && stylelint **/*.{scss,svelte}",
      "workspaces": [
          "packages/*"
      ]
  }

yarn manifest: 
  No manifest

Lockfile: 
  No lockfile
